[ 2025-05-06 15:43:29,293 ] 1025 httpx - INFO - HTTP Request: GET https://dagshub.com/api/v1/user "HTTP/1.1 200 OK"
[ 2025-05-06 15:43:29,300 ] 107 dagshub - INFO - Accessing as Ujjwagupta1302
[ 2025-05-06 15:43:29,938 ] 1025 httpx - INFO - HTTP Request: GET https://dagshub.com/api/v1/repos/Ujjwagupta1302/Network_security "HTTP/1.1 200 OK"
[ 2025-05-06 15:43:30,599 ] 1025 httpx - INFO - HTTP Request: GET https://dagshub.com/api/v1/user "HTTP/1.1 200 OK"
[ 2025-05-06 15:43:30,601 ] 107 dagshub - INFO - Initialized MLflow to track repo "Ujjwagupta1302/Network_security"
[ 2025-05-06 15:43:30,601 ] 107 dagshub - INFO - Repository Ujjwagupta1302/Network_security initialized!
[ 2025-05-06 15:43:30,602 ] 17 root - INFO - Initiate the data ingestion
[ 2025-05-06 15:43:38,051 ] 65 root - INFO - Performed train test split on the dataframe
[ 2025-05-06 15:43:38,051 ] 67 root - INFO - Exited split_data_as_train_test method of Data_Ingestion class
[ 2025-05-06 15:43:38,056 ] 75 root - INFO - Exporting train and test file path.
[ 2025-05-06 15:43:38,104 ] 84 root - INFO - Exported train and test file path.
[ 2025-05-06 15:43:38,104 ] 19 root - INFO - Data Initiation Completed
[ 2025-05-06 15:43:38,111 ] 23 root - INFO - Initiate the data Validation
[ 2025-05-06 15:43:38,169 ] 34 root - INFO - Required number of columns2
[ 2025-05-06 15:43:38,169 ] 34 root - INFO - Required number of columns2
[ 2025-05-06 15:43:38,314 ] 25 root - INFO - data Validation Completed
[ 2025-05-06 15:43:38,315 ] 28 root - INFO - data Transformation started
[ 2025-05-06 15:43:38,315 ] 63 root - INFO - Entered initiate_data_transformation method of DataTransformation class
[ 2025-05-06 15:43:38,315 ] 65 root - INFO - Starting data transformation
[ 2025-05-06 15:43:38,343 ] 48 root - INFO - Entered get_data_trnasformer_object method of Trnasformation class
[ 2025-05-06 15:43:38,343 ] 53 root - INFO - Initialise KNNImputer with {'missing_values': nan, 'n_neighbors': 3, 'weights': 'uniform'}
[ 2025-05-06 15:43:38,365 ] 45 root - INFO - Entered the save_object method of MainUtils class
[ 2025-05-06 15:43:38,368 ] 49 root - INFO - Exited the save_object method of MainUtils class
[ 2025-05-06 15:43:38,368 ] 45 root - INFO - Entered the save_object method of MainUtils class
[ 2025-05-06 15:43:38,373 ] 49 root - INFO - Exited the save_object method of MainUtils class
[ 2025-05-06 15:43:38,373 ] 45 root - INFO - Entered the save_object method of MainUtils class
[ 2025-05-06 15:43:38,377 ] 49 root - INFO - Exited the save_object method of MainUtils class
[ 2025-05-06 15:43:38,380 ] 32 root - INFO - data Transformation completed
[ 2025-05-06 15:43:38,380 ] 33 root - INFO - Model Training stared
[ 2025-05-06 15:44:17,127 ] 45 root - INFO - Entered the save_object method of MainUtils class
[ 2025-05-06 15:44:17,148 ] 49 root - INFO - Exited the save_object method of MainUtils class
[ 2025-05-06 15:44:17,148 ] 45 root - INFO - Entered the save_object method of MainUtils class
[ 2025-05-06 15:44:17,166 ] 49 root - INFO - Exited the save_object method of MainUtils class
[ 2025-05-06 15:44:17,166 ] 128 root - INFO - Model trainer artifact: ModelTrainerArtifact(trained_model_file_path='Artifacts\\05_06_2025_15_43_24\\model_trainer\\trained_model\\model.pkl', train_metric_artifact=ClassificationMetricArtifact(f1_score=0.9911575562700965, precision_score=0.9893681043129389, recall_score=0.9929534930541575), test_metric_artifact=ClassificationMetricArtifact(f1_score=0.9711899791231733, precision_score=0.9651452282157676, recall_score=0.9773109243697479))
[ 2025-05-06 15:44:17,169 ] 38 root - INFO - Model Training artifact created
