[ 2025-05-06 15:22:12,225 ] 1025 httpx - INFO - HTTP Request: GET https://dagshub.com/api/v1/user "HTTP/1.1 200 OK"
[ 2025-05-06 15:22:12,233 ] 107 dagshub - INFO - Accessing as Ujjwagupta1302
[ 2025-05-06 15:22:12,839 ] 1025 httpx - INFO - HTTP Request: GET https://dagshub.com/api/v1/repos/Ujjwagupta1302/Network_security "HTTP/1.1 200 OK"
[ 2025-05-06 15:22:13,556 ] 1025 httpx - INFO - HTTP Request: GET https://dagshub.com/api/v1/user "HTTP/1.1 200 OK"
[ 2025-05-06 15:22:13,559 ] 107 dagshub - INFO - Initialized MLflow to track repo "Ujjwagupta1302/Network_security"
[ 2025-05-06 15:22:13,559 ] 107 dagshub - INFO - Repository Ujjwagupta1302/Network_security initialized!
[ 2025-05-06 15:22:13,559 ] 17 root - INFO - Initiate the data ingestion
[ 2025-05-06 15:22:23,308 ] 65 root - INFO - Performed train test split on the dataframe
[ 2025-05-06 15:22:23,308 ] 67 root - INFO - Exited split_data_as_train_test method of Data_Ingestion class
[ 2025-05-06 15:22:23,309 ] 75 root - INFO - Exporting train and test file path.
[ 2025-05-06 15:22:23,362 ] 84 root - INFO - Exported train and test file path.
[ 2025-05-06 15:22:23,363 ] 19 root - INFO - Data Initiation Completed
[ 2025-05-06 15:22:23,370 ] 23 root - INFO - Initiate the data Validation
[ 2025-05-06 15:22:23,429 ] 34 root - INFO - Required number of columns2
[ 2025-05-06 15:22:23,429 ] 34 root - INFO - Required number of columns2
[ 2025-05-06 15:22:23,559 ] 25 root - INFO - data Validation Completed
[ 2025-05-06 15:22:23,559 ] 28 root - INFO - data Transformation started
[ 2025-05-06 15:22:23,560 ] 63 root - INFO - Entered initiate_data_transformation method of DataTransformation class
[ 2025-05-06 15:22:23,560 ] 65 root - INFO - Starting data transformation
[ 2025-05-06 15:22:23,585 ] 48 root - INFO - Entered get_data_trnasformer_object method of Trnasformation class
[ 2025-05-06 15:22:23,586 ] 53 root - INFO - Initialise KNNImputer with {'missing_values': nan, 'n_neighbors': 3, 'weights': 'uniform'}
[ 2025-05-06 15:22:23,598 ] 45 root - INFO - Entered the save_object method of MainUtils class
[ 2025-05-06 15:22:23,601 ] 49 root - INFO - Exited the save_object method of MainUtils class
[ 2025-05-06 15:22:23,602 ] 45 root - INFO - Entered the save_object method of MainUtils class
[ 2025-05-06 15:22:23,605 ] 49 root - INFO - Exited the save_object method of MainUtils class
[ 2025-05-06 15:22:23,606 ] 32 root - INFO - data Transformation completed
[ 2025-05-06 15:22:23,606 ] 33 root - INFO - Model Training stared
