[ 2025-05-06 15:32:50,198 ] 1025 httpx - INFO - HTTP Request: GET https://dagshub.com/api/v1/user "HTTP/1.1 200 OK"
[ 2025-05-06 15:32:50,205 ] 107 dagshub - INFO - Accessing as Ujjwagupta1302
[ 2025-05-06 15:32:50,912 ] 1025 httpx - INFO - HTTP Request: GET https://dagshub.com/api/v1/repos/Ujjwagupta1302/Network_security "HTTP/1.1 200 OK"
[ 2025-05-06 15:32:51,730 ] 1025 httpx - INFO - HTTP Request: GET https://dagshub.com/api/v1/user "HTTP/1.1 200 OK"
[ 2025-05-06 15:32:51,734 ] 107 dagshub - INFO - Initialized MLflow to track repo "Ujjwagupta1302/Network_security"
[ 2025-05-06 15:32:51,734 ] 107 dagshub - INFO - Repository Ujjwagupta1302/Network_security initialized!
[ 2025-05-06 15:32:51,735 ] 17 root - INFO - Initiate the data ingestion
[ 2025-05-06 15:32:58,670 ] 65 root - INFO - Performed train test split on the dataframe
[ 2025-05-06 15:32:58,670 ] 67 root - INFO - Exited split_data_as_train_test method of Data_Ingestion class
[ 2025-05-06 15:32:58,670 ] 75 root - INFO - Exporting train and test file path.
[ 2025-05-06 15:32:58,714 ] 84 root - INFO - Exported train and test file path.
[ 2025-05-06 15:32:58,715 ] 19 root - INFO - Data Initiation Completed
[ 2025-05-06 15:32:58,720 ] 23 root - INFO - Initiate the data Validation
[ 2025-05-06 15:32:58,774 ] 34 root - INFO - Required number of columns2
[ 2025-05-06 15:32:58,774 ] 34 root - INFO - Required number of columns2
[ 2025-05-06 15:32:58,905 ] 25 root - INFO - data Validation Completed
[ 2025-05-06 15:32:58,906 ] 28 root - INFO - data Transformation started
[ 2025-05-06 15:32:58,906 ] 63 root - INFO - Entered initiate_data_transformation method of DataTransformation class
[ 2025-05-06 15:32:58,906 ] 65 root - INFO - Starting data transformation
[ 2025-05-06 15:32:58,928 ] 48 root - INFO - Entered get_data_trnasformer_object method of Trnasformation class
[ 2025-05-06 15:32:58,928 ] 53 root - INFO - Initialise KNNImputer with {'missing_values': nan, 'n_neighbors': 3, 'weights': 'uniform'}
[ 2025-05-06 15:32:58,941 ] 45 root - INFO - Entered the save_object method of MainUtils class
[ 2025-05-06 15:32:58,943 ] 49 root - INFO - Exited the save_object method of MainUtils class
[ 2025-05-06 15:32:58,943 ] 45 root - INFO - Entered the save_object method of MainUtils class
[ 2025-05-06 15:32:58,946 ] 49 root - INFO - Exited the save_object method of MainUtils class
[ 2025-05-06 15:32:58,947 ] 32 root - INFO - data Transformation completed
[ 2025-05-06 15:32:58,947 ] 33 root - INFO - Model Training stared
[ 2025-05-06 15:33:36,879 ] 45 root - INFO - Entered the save_object method of MainUtils class
[ 2025-05-06 15:33:36,906 ] 49 root - INFO - Exited the save_object method of MainUtils class
[ 2025-05-06 15:33:36,906 ] 127 root - INFO - Model trainer artifact: ModelTrainerArtifact(trained_model_file_path='Artifacts\\05_06_2025_15_32_44\\model_trainer\\trained_model\\model.pkl', train_metric_artifact=ClassificationMetricArtifact(f1_score=0.9917388676203909, precision_score=0.9887505022097228, recall_score=0.9947453516572352), test_metric_artifact=ClassificationMetricArtifact(f1_score=0.9737274220032841, precision_score=0.9665851670741646, recall_score=0.9809760132340778))
[ 2025-05-06 15:33:36,908 ] 38 root - INFO - Model Training artifact created
